<?xml version="1.0" encoding="UTF-8" ?>
<testsuites>
 <testsuite name="Test zoo site for input text for homepage" timestamp="2018-07-30T15:27:49" hostname="localhost" time="2.63" errors="0" tests="5" skipped="4" failures="0">
  <testcase classname="Test zoo site for input text for homepage" name="Test input and check text output" time="0.001"><skipped />
  </testcase>
  <testcase classname="Test zoo site for input text for homepage" name="Test the input text and output text is in sync" time="0"><skipped />
  </testcase>
  <testcase classname="Test zoo site for input text for homepage" name="Check correct number of item in dropdown" time="0"><skipped />
  </testcase>
  <testcase classname="Test zoo site for input text for homepage" name="Check user is on Thank You page" time="0.001"><skipped />
  </testcase>
  <testcase classname="Test zoo site for input text for homepage" name="Test the input text and output text is in sync using Page Objects" time="2.626">
  </testcase>
 </testsuite>
</testsuites>